[0.011s] Invoking command in '/home/1_fri/bwi_ros2/src/fri_autonomous_template/build/spatial_utils': CMAKE_PREFIX_PATH=/opt/ros/humble /usr/bin/cmake /home/1_fri/bwi_ros2/src/fri_autonomous_template/spatial_utils -DCMAKE_INSTALL_PREFIX=/home/1_fri/bwi_ros2/src/fri_autonomous_template/install/spatial_utils
[0.055s] -- The C compiler identification is GNU 11.4.0
[0.096s] -- The CXX compiler identification is GNU 11.4.0
[0.101s] -- Detecting C compiler ABI info
[0.149s] -- Detecting C compiler ABI info - done
[0.155s] -- Check for working C compiler: /usr/bin/cc - skipped
[0.155s] -- Detecting C compile features
[0.155s] -- Detecting C compile features - done
[0.158s] -- Detecting CXX compiler ABI info
[0.214s] -- Detecting CXX compiler ABI info - done
[0.220s] -- Check for working CXX compiler: /usr/bin/c++ - skipped
[0.220s] -- Detecting CXX compile features
[0.221s] -- Detecting CXX compile features - done
[0.222s] -- Found ament_cmake: 1.3.11 (/opt/ros/humble/share/ament_cmake/cmake)
[0.514s] -- Found Python3: /usr/bin/python3 (found version "3.10.12") found components: Interpreter 
[0.595s] -- Found rclcpp: 16.0.12 (/opt/ros/humble/share/rclcpp/cmake)
[0.626s] -- Found rosidl_generator_c: 3.1.6 (/opt/ros/humble/share/rosidl_generator_c/cmake)
[0.633s] -- Found rosidl_adapter: 3.1.6 (/opt/ros/humble/share/rosidl_adapter/cmake)
[0.639s] -- Found rosidl_generator_cpp: 3.1.6 (/opt/ros/humble/share/rosidl_generator_cpp/cmake)
[0.648s] -- Using all available rosidl_typesupport_c: rosidl_typesupport_fastrtps_c;rosidl_typesupport_introspection_c
[0.660s] -- Using all available rosidl_typesupport_cpp: rosidl_typesupport_fastrtps_cpp;rosidl_typesupport_introspection_cpp
[0.694s] -- Found rmw_implementation_cmake: 6.1.2 (/opt/ros/humble/share/rmw_implementation_cmake/cmake)
[0.695s] -- Found rmw_fastrtps_cpp: 6.2.7 (/opt/ros/humble/share/rmw_fastrtps_cpp/cmake)
[0.757s] -- Found OpenSSL: /usr/lib/x86_64-linux-gnu/libcrypto.so (found version "3.0.2")  
[0.787s] -- Found FastRTPS: /opt/ros/humble/include  
[0.818s] -- Using RMW implementation 'rmw_fastrtps_cpp' as default
[0.826s] -- Looking for pthread.h
[0.875s] -- Looking for pthread.h - found
[0.876s] -- Performing Test CMAKE_HAVE_LIBC_PTHREAD
[0.929s] -- Performing Test CMAKE_HAVE_LIBC_PTHREAD - Success
[0.930s] -- Found Threads: TRUE  
[0.981s] -- Found tf2_ros: 0.25.12 (/opt/ros/humble/share/tf2_ros/cmake)
[1.082s] -- Found ament_lint_auto: 0.12.12 (/opt/ros/humble/share/ament_lint_auto/cmake)
[1.160s] -- Added test 'cppcheck' to perform static code analysis on C / C++ code
[1.160s] -- Configured cppcheck include dirs: /home/1_fri/bwi_ros2/src/fri_autonomous_template/spatial_utils/include;$<BUILD_INTERFACE:/home/1_fri/bwi_ros2/src/fri_autonomous_template/spatial_utils/include>
[1.160s] -- Configured cppcheck exclude dirs and/or files: 
[1.160s] -- Added test 'lint_cmake' to check CMake code style
[1.161s] -- Added test 'uncrustify' to check C / C++ code style
[1.161s] -- Configured uncrustify additional arguments: 
[1.161s] -- Added test 'xmllint' to check XML markup files
[1.163s] -- Configuring done
[1.169s] -- Generating done
[1.172s] -- Build files have been written to: /home/1_fri/bwi_ros2/src/fri_autonomous_template/build/spatial_utils
