[0.012s] Invoking command in '/home/1_fri/bwi_ros2/src/fri_autonomous_template/build/follower_robot': CMAKE_PREFIX_PATH=/opt/ros/humble /usr/bin/cmake /home/1_fri/bwi_ros2/src/fri_autonomous_template/follower_robot -DCMAKE_INSTALL_PREFIX=/home/1_fri/bwi_ros2/src/fri_autonomous_template/install/follower_robot
[0.027s] -- Found ament_cmake: 1.3.11 (/opt/ros/humble/share/ament_cmake/cmake)
[0.158s] -- Found apriltag_msgs: 2.0.1 (/opt/ros/humble/share/apriltag_msgs/cmake)
[0.193s] -- Found rosidl_generator_c: 3.1.6 (/opt/ros/humble/share/rosidl_generator_c/cmake)
[0.197s] -- Found rosidl_adapter: 3.1.6 (/opt/ros/humble/share/rosidl_adapter/cmake)
[0.206s] -- Found rosidl_generator_cpp: 3.1.6 (/opt/ros/humble/share/rosidl_generator_cpp/cmake)
[0.217s] -- Using all available rosidl_typesupport_c: rosidl_typesupport_fastrtps_c;rosidl_typesupport_introspection_c
[0.233s] -- Using all available rosidl_typesupport_cpp: rosidl_typesupport_fastrtps_cpp;rosidl_typesupport_introspection_cpp
[0.274s] -- Found cv_bridge: 3.2.1 (/opt/ros/humble/share/cv_bridge/cmake)
[0.322s] -- Found nav2_msgs: 1.1.18 (/opt/ros/humble/share/nav2_msgs/cmake)
[0.393s] -- Found rclcpp: 16.0.12 (/opt/ros/humble/share/rclcpp/cmake)
[0.427s] -- Found rmw_implementation_cmake: 6.1.2 (/opt/ros/humble/share/rmw_implementation_cmake/cmake)
[0.428s] -- Found rmw_fastrtps_cpp: 6.2.7 (/opt/ros/humble/share/rmw_fastrtps_cpp/cmake)
[0.547s] -- Using RMW implementation 'rmw_fastrtps_cpp' as default
[0.621s] [31mCMake Error at CMakeLists.txt:17 (find_package):
[0.621s]   By not providing "Findspatial_utils.cmake" in CMAKE_MODULE_PATH this
[0.621s]   project has asked CMake to find a package configuration file provided by
[0.621s]   "spatial_utils", but CMake did not find one.
[0.621s] 
[0.622s]   Could not find a package configuration file provided by "spatial_utils"
[0.622s]   with any of the following names:
[0.622s] 
[0.622s]     spatial_utilsConfig.cmake
[0.622s]     spatial_utils-config.cmake
[0.622s] 
[0.622s]   Add the installation prefix of "spatial_utils" to CMAKE_PREFIX_PATH or set
[0.622s]   "spatial_utils_DIR" to a directory containing one of the above files.  If
[0.622s]   "spatial_utils" provides a separate development package or SDK, be sure it
[0.622s]   has been installed.
[0.623s] 
[0.623s] [0m
[0.623s] -- Configuring incomplete, errors occurred!
[0.623s] See also "/home/1_fri/bwi_ros2/src/fri_autonomous_template/build/follower_robot/CMakeFiles/CMakeOutput.log".
[0.628s] Invoked command in '/home/1_fri/bwi_ros2/src/fri_autonomous_template/build/follower_robot' returned '1': CMAKE_PREFIX_PATH=/opt/ros/humble /usr/bin/cmake /home/1_fri/bwi_ros2/src/fri_autonomous_template/follower_robot -DCMAKE_INSTALL_PREFIX=/home/1_fri/bwi_ros2/src/fri_autonomous_template/install/follower_robot
