[0.111s] DEBUG:colcon:Command line arguments: ['/usr/bin/colcon', 'build']
[0.111s] DEBUG:colcon:Parsed command line arguments: Namespace(log_base=None, log_level=None, verb_name='build', build_base='build', install_base='install', merge_install=False, symlink_install=False, test_result_base=None, continue_on_error=False, executor='parallel', parallel_workers=12, event_handlers=None, ignore_user_meta=False, metas=['./colcon.meta'], base_paths=['.'], packages_ignore=None, packages_ignore_regex=None, paths=None, packages_up_to=None, packages_up_to_regex=None, packages_above=None, packages_above_and_dependencies=None, packages_above_depth=None, packages_select_by_dep=None, packages_skip_by_dep=None, packages_skip_up_to=None, packages_select_build_failed=False, packages_skip_build_finished=False, packages_select_test_failures=False, packages_skip_test_passed=False, packages_select=None, packages_skip=None, packages_select_regex=None, packages_skip_regex=None, packages_start=None, packages_end=None, allow_overriding=[], cmake_args=None, cmake_target=None, cmake_target_skip_unavailable=False, cmake_clean_cache=False, cmake_clean_first=False, cmake_force_configure=False, ament_cmake_args=None, catkin_cmake_args=None, catkin_skip_building_tests=False, mixin_files=None, mixin=None, verb_parser=<colcon_mixin.mixin.mixin_argument.MixinArgumentDecorator object at 0x712b971902e0>, verb_extension=<colcon_core.verb.build.BuildVerb object at 0x712b97153dc0>, main=<bound method BuildVerb.main of <colcon_core.verb.build.BuildVerb object at 0x712b97153dc0>>, mixin_verb=('build',))
[0.159s] Level 1:colcon.colcon_core.package_discovery:discover_packages(colcon_meta) check parameters
[0.159s] Level 1:colcon.colcon_core.package_discovery:discover_packages(recursive) check parameters
[0.159s] Level 1:colcon.colcon_core.package_discovery:discover_packages(ignore) check parameters
[0.159s] Level 1:colcon.colcon_core.package_discovery:discover_packages(path) check parameters
[0.159s] Level 1:colcon.colcon_core.package_discovery:discover_packages(colcon_meta) discover
[0.159s] Level 1:colcon.colcon_core.package_discovery:discover_packages(recursive) discover
[0.159s] INFO:colcon.colcon_core.package_discovery:Crawling recursively for packages in '/home/1_fri/bwi_ros2/src/fri_autonomous_template'
[0.159s] Level 1:colcon.colcon_core.package_identification:_identify(.) by extensions ['ignore', 'ignore_ament_install']
[0.159s] Level 1:colcon.colcon_core.package_identification:_identify(.) by extension 'ignore'
[0.159s] Level 1:colcon.colcon_core.package_identification:_identify(.) by extension 'ignore_ament_install'
[0.159s] Level 1:colcon.colcon_core.package_identification:_identify(.) by extensions ['colcon_pkg']
[0.159s] Level 1:colcon.colcon_core.package_identification:_identify(.) by extension 'colcon_pkg'
[0.159s] Level 1:colcon.colcon_core.package_identification:_identify(.) by extensions ['colcon_meta']
[0.159s] Level 1:colcon.colcon_core.package_identification:_identify(.) by extension 'colcon_meta'
[0.159s] Level 1:colcon.colcon_core.package_identification:_identify(.) by extensions ['ros']
[0.159s] Level 1:colcon.colcon_core.package_identification:_identify(.) by extension 'ros'
[0.181s] Level 1:colcon.colcon_core.package_identification:_identify(.) by extensions ['cmake', 'python']
[0.181s] Level 1:colcon.colcon_core.package_identification:_identify(.) by extension 'cmake'
[0.181s] Level 1:colcon.colcon_core.package_identification:_identify(.) by extension 'python'
[0.181s] Level 1:colcon.colcon_core.package_identification:_identify(.) by extensions ['python_setup_py']
[0.181s] Level 1:colcon.colcon_core.package_identification:_identify(.) by extension 'python_setup_py'
[0.181s] Level 1:colcon.colcon_core.package_identification:_identify(build) by extensions ['ignore', 'ignore_ament_install']
[0.181s] Level 1:colcon.colcon_core.package_identification:_identify(build) by extension 'ignore'
[0.181s] Level 1:colcon.colcon_core.package_identification:_identify(build) ignored
[0.181s] Level 1:colcon.colcon_core.package_identification:_identify(follower_robot) by extensions ['ignore', 'ignore_ament_install']
[0.182s] Level 1:colcon.colcon_core.package_identification:_identify(follower_robot) by extension 'ignore'
[0.182s] Level 1:colcon.colcon_core.package_identification:_identify(follower_robot) by extension 'ignore_ament_install'
[0.182s] Level 1:colcon.colcon_core.package_identification:_identify(follower_robot) by extensions ['colcon_pkg']
[0.182s] Level 1:colcon.colcon_core.package_identification:_identify(follower_robot) by extension 'colcon_pkg'
[0.182s] Level 1:colcon.colcon_core.package_identification:_identify(follower_robot) by extensions ['colcon_meta']
[0.182s] Level 1:colcon.colcon_core.package_identification:_identify(follower_robot) by extension 'colcon_meta'
[0.182s] Level 1:colcon.colcon_core.package_identification:_identify(follower_robot) by extensions ['ros']
[0.182s] Level 1:colcon.colcon_core.package_identification:_identify(follower_robot) by extension 'ros'
[0.184s] DEBUG:colcon.colcon_core.package_identification:Package 'follower_robot' with type 'ros.ament_cmake' and name 'follower_robot'
[0.184s] Level 1:colcon.colcon_core.package_identification:_identify(install) by extensions ['ignore', 'ignore_ament_install']
[0.184s] Level 1:colcon.colcon_core.package_identification:_identify(install) by extension 'ignore'
[0.184s] Level 1:colcon.colcon_core.package_identification:_identify(install) ignored
[0.184s] Level 1:colcon.colcon_core.package_identification:_identify(log) by extensions ['ignore', 'ignore_ament_install']
[0.184s] Level 1:colcon.colcon_core.package_identification:_identify(log) by extension 'ignore'
[0.185s] Level 1:colcon.colcon_core.package_identification:_identify(log) ignored
[0.185s] Level 1:colcon.colcon_core.package_identification:_identify(nav_goals) by extensions ['ignore', 'ignore_ament_install']
[0.185s] Level 1:colcon.colcon_core.package_identification:_identify(nav_goals) by extension 'ignore'
[0.185s] Level 1:colcon.colcon_core.package_identification:_identify(nav_goals) by extension 'ignore_ament_install'
[0.185s] Level 1:colcon.colcon_core.package_identification:_identify(nav_goals) by extensions ['colcon_pkg']
[0.185s] Level 1:colcon.colcon_core.package_identification:_identify(nav_goals) by extension 'colcon_pkg'
[0.185s] Level 1:colcon.colcon_core.package_identification:_identify(nav_goals) by extensions ['colcon_meta']
[0.185s] Level 1:colcon.colcon_core.package_identification:_identify(nav_goals) by extension 'colcon_meta'
[0.185s] Level 1:colcon.colcon_core.package_identification:_identify(nav_goals) by extensions ['ros']
[0.185s] Level 1:colcon.colcon_core.package_identification:_identify(nav_goals) by extension 'ros'
[0.186s] DEBUG:colcon.colcon_core.package_identification:Package 'nav_goals' with type 'ros.ament_cmake' and name 'nav_goals'
[0.186s] Level 1:colcon.colcon_core.package_identification:_identify(spatial_transforms) by extensions ['ignore', 'ignore_ament_install']
[0.186s] Level 1:colcon.colcon_core.package_identification:_identify(spatial_transforms) by extension 'ignore'
[0.186s] Level 1:colcon.colcon_core.package_identification:_identify(spatial_transforms) by extension 'ignore_ament_install'
[0.186s] Level 1:colcon.colcon_core.package_identification:_identify(spatial_transforms) by extensions ['colcon_pkg']
[0.186s] Level 1:colcon.colcon_core.package_identification:_identify(spatial_transforms) by extension 'colcon_pkg'
[0.186s] Level 1:colcon.colcon_core.package_identification:_identify(spatial_transforms) by extensions ['colcon_meta']
[0.186s] Level 1:colcon.colcon_core.package_identification:_identify(spatial_transforms) by extension 'colcon_meta'
[0.187s] Level 1:colcon.colcon_core.package_identification:_identify(spatial_transforms) by extensions ['ros']
[0.187s] Level 1:colcon.colcon_core.package_identification:_identify(spatial_transforms) by extension 'ros'
[0.187s] DEBUG:colcon.colcon_core.package_identification:Package 'spatial_transforms' with type 'ros.ament_cmake' and name 'spatial_transforms'
[0.188s] Level 1:colcon.colcon_core.package_identification:_identify(spatial_utils) by extensions ['ignore', 'ignore_ament_install']
[0.188s] Level 1:colcon.colcon_core.package_identification:_identify(spatial_utils) by extension 'ignore'
[0.188s] Level 1:colcon.colcon_core.package_identification:_identify(spatial_utils) by extension 'ignore_ament_install'
[0.188s] Level 1:colcon.colcon_core.package_identification:_identify(spatial_utils) by extensions ['colcon_pkg']
[0.188s] Level 1:colcon.colcon_core.package_identification:_identify(spatial_utils) by extension 'colcon_pkg'
[0.188s] Level 1:colcon.colcon_core.package_identification:_identify(spatial_utils) by extensions ['colcon_meta']
[0.188s] Level 1:colcon.colcon_core.package_identification:_identify(spatial_utils) by extension 'colcon_meta'
[0.188s] Level 1:colcon.colcon_core.package_identification:_identify(spatial_utils) by extensions ['ros']
[0.188s] Level 1:colcon.colcon_core.package_identification:_identify(spatial_utils) by extension 'ros'
[0.188s] DEBUG:colcon.colcon_core.package_identification:Package 'spatial_utils' with type 'ros.ament_cmake' and name 'spatial_utils'
[0.189s] Level 1:colcon.colcon_core.package_discovery:discover_packages(recursive) using defaults
[0.189s] Level 1:colcon.colcon_core.package_discovery:discover_packages(ignore) discover
[0.189s] Level 1:colcon.colcon_core.package_discovery:discover_packages(ignore) using defaults
[0.189s] Level 1:colcon.colcon_core.package_discovery:discover_packages(path) discover
[0.189s] Level 1:colcon.colcon_core.package_discovery:discover_packages(path) using defaults
[0.210s] Level 1:colcon.colcon_core.package_discovery:discover_packages(prefix_path) check parameters
[0.210s] Level 1:colcon.colcon_core.package_discovery:discover_packages(prefix_path) discover
[0.213s] DEBUG:colcon.colcon_installed_package_information.package_discovery:Found 370 installed packages in /opt/ros/humble
[0.214s] Level 1:colcon.colcon_core.package_discovery:discover_packages(prefix_path) using defaults
[0.264s] Level 5:colcon.colcon_core.verb:set package 'follower_robot' build argument 'cmake_args' from command line to 'None'
[0.264s] Level 5:colcon.colcon_core.verb:set package 'follower_robot' build argument 'cmake_target' from command line to 'None'
[0.264s] Level 5:colcon.colcon_core.verb:set package 'follower_robot' build argument 'cmake_target_skip_unavailable' from command line to 'False'
[0.264s] Level 5:colcon.colcon_core.verb:set package 'follower_robot' build argument 'cmake_clean_cache' from command line to 'False'
[0.264s] Level 5:colcon.colcon_core.verb:set package 'follower_robot' build argument 'cmake_clean_first' from command line to 'False'
[0.264s] Level 5:colcon.colcon_core.verb:set package 'follower_robot' build argument 'cmake_force_configure' from command line to 'False'
[0.264s] Level 5:colcon.colcon_core.verb:set package 'follower_robot' build argument 'ament_cmake_args' from command line to 'None'
[0.264s] Level 5:colcon.colcon_core.verb:set package 'follower_robot' build argument 'catkin_cmake_args' from command line to 'None'
[0.264s] Level 5:colcon.colcon_core.verb:set package 'follower_robot' build argument 'catkin_skip_building_tests' from command line to 'False'
[0.264s] DEBUG:colcon.colcon_core.verb:Building package 'follower_robot' with the following arguments: {'ament_cmake_args': None, 'build_base': '/home/1_fri/bwi_ros2/src/fri_autonomous_template/build/follower_robot', 'catkin_cmake_args': None, 'catkin_skip_building_tests': False, 'cmake_args': None, 'cmake_clean_cache': False, 'cmake_clean_first': False, 'cmake_force_configure': False, 'cmake_target': None, 'cmake_target_skip_unavailable': False, 'install_base': '/home/1_fri/bwi_ros2/src/fri_autonomous_template/install/follower_robot', 'merge_install': False, 'path': '/home/1_fri/bwi_ros2/src/fri_autonomous_template/follower_robot', 'symlink_install': False, 'test_result_base': None}
[0.265s] Level 5:colcon.colcon_core.verb:set package 'nav_goals' build argument 'cmake_args' from command line to 'None'
[0.265s] Level 5:colcon.colcon_core.verb:set package 'nav_goals' build argument 'cmake_target' from command line to 'None'
[0.265s] Level 5:colcon.colcon_core.verb:set package 'nav_goals' build argument 'cmake_target_skip_unavailable' from command line to 'False'
[0.265s] Level 5:colcon.colcon_core.verb:set package 'nav_goals' build argument 'cmake_clean_cache' from command line to 'False'
[0.265s] Level 5:colcon.colcon_core.verb:set package 'nav_goals' build argument 'cmake_clean_first' from command line to 'False'
[0.265s] Level 5:colcon.colcon_core.verb:set package 'nav_goals' build argument 'cmake_force_configure' from command line to 'False'
[0.265s] Level 5:colcon.colcon_core.verb:set package 'nav_goals' build argument 'ament_cmake_args' from command line to 'None'
[0.265s] Level 5:colcon.colcon_core.verb:set package 'nav_goals' build argument 'catkin_cmake_args' from command line to 'None'
[0.265s] Level 5:colcon.colcon_core.verb:set package 'nav_goals' build argument 'catkin_skip_building_tests' from command line to 'False'
[0.265s] DEBUG:colcon.colcon_core.verb:Building package 'nav_goals' with the following arguments: {'ament_cmake_args': None, 'build_base': '/home/1_fri/bwi_ros2/src/fri_autonomous_template/build/nav_goals', 'catkin_cmake_args': None, 'catkin_skip_building_tests': False, 'cmake_args': None, 'cmake_clean_cache': False, 'cmake_clean_first': False, 'cmake_force_configure': False, 'cmake_target': None, 'cmake_target_skip_unavailable': False, 'install_base': '/home/1_fri/bwi_ros2/src/fri_autonomous_template/install/nav_goals', 'merge_install': False, 'path': '/home/1_fri/bwi_ros2/src/fri_autonomous_template/nav_goals', 'symlink_install': False, 'test_result_base': None}
[0.265s] Level 5:colcon.colcon_core.verb:set package 'spatial_utils' build argument 'cmake_args' from command line to 'None'
[0.265s] Level 5:colcon.colcon_core.verb:set package 'spatial_utils' build argument 'cmake_target' from command line to 'None'
[0.265s] Level 5:colcon.colcon_core.verb:set package 'spatial_utils' build argument 'cmake_target_skip_unavailable' from command line to 'False'
[0.265s] Level 5:colcon.colcon_core.verb:set package 'spatial_utils' build argument 'cmake_clean_cache' from command line to 'False'
[0.265s] Level 5:colcon.colcon_core.verb:set package 'spatial_utils' build argument 'cmake_clean_first' from command line to 'False'
[0.265s] Level 5:colcon.colcon_core.verb:set package 'spatial_utils' build argument 'cmake_force_configure' from command line to 'False'
[0.265s] Level 5:colcon.colcon_core.verb:set package 'spatial_utils' build argument 'ament_cmake_args' from command line to 'None'
[0.265s] Level 5:colcon.colcon_core.verb:set package 'spatial_utils' build argument 'catkin_cmake_args' from command line to 'None'
[0.265s] Level 5:colcon.colcon_core.verb:set package 'spatial_utils' build argument 'catkin_skip_building_tests' from command line to 'False'
[0.265s] DEBUG:colcon.colcon_core.verb:Building package 'spatial_utils' with the following arguments: {'ament_cmake_args': None, 'build_base': '/home/1_fri/bwi_ros2/src/fri_autonomous_template/build/spatial_utils', 'catkin_cmake_args': None, 'catkin_skip_building_tests': False, 'cmake_args': None, 'cmake_clean_cache': False, 'cmake_clean_first': False, 'cmake_force_configure': False, 'cmake_target': None, 'cmake_target_skip_unavailable': False, 'install_base': '/home/1_fri/bwi_ros2/src/fri_autonomous_template/install/spatial_utils', 'merge_install': False, 'path': '/home/1_fri/bwi_ros2/src/fri_autonomous_template/spatial_utils', 'symlink_install': False, 'test_result_base': None}
[0.266s] Level 5:colcon.colcon_core.verb:set package 'spatial_transforms' build argument 'cmake_args' from command line to 'None'
[0.266s] Level 5:colcon.colcon_core.verb:set package 'spatial_transforms' build argument 'cmake_target' from command line to 'None'
[0.266s] Level 5:colcon.colcon_core.verb:set package 'spatial_transforms' build argument 'cmake_target_skip_unavailable' from command line to 'False'
[0.266s] Level 5:colcon.colcon_core.verb:set package 'spatial_transforms' build argument 'cmake_clean_cache' from command line to 'False'
[0.266s] Level 5:colcon.colcon_core.verb:set package 'spatial_transforms' build argument 'cmake_clean_first' from command line to 'False'
[0.266s] Level 5:colcon.colcon_core.verb:set package 'spatial_transforms' build argument 'cmake_force_configure' from command line to 'False'
[0.266s] Level 5:colcon.colcon_core.verb:set package 'spatial_transforms' build argument 'ament_cmake_args' from command line to 'None'
[0.266s] Level 5:colcon.colcon_core.verb:set package 'spatial_transforms' build argument 'catkin_cmake_args' from command line to 'None'
[0.266s] Level 5:colcon.colcon_core.verb:set package 'spatial_transforms' build argument 'catkin_skip_building_tests' from command line to 'False'
[0.266s] DEBUG:colcon.colcon_core.verb:Building package 'spatial_transforms' with the following arguments: {'ament_cmake_args': None, 'build_base': '/home/1_fri/bwi_ros2/src/fri_autonomous_template/build/spatial_transforms', 'catkin_cmake_args': None, 'catkin_skip_building_tests': False, 'cmake_args': None, 'cmake_clean_cache': False, 'cmake_clean_first': False, 'cmake_force_configure': False, 'cmake_target': None, 'cmake_target_skip_unavailable': False, 'install_base': '/home/1_fri/bwi_ros2/src/fri_autonomous_template/install/spatial_transforms', 'merge_install': False, 'path': '/home/1_fri/bwi_ros2/src/fri_autonomous_template/spatial_transforms', 'symlink_install': False, 'test_result_base': None}
[0.266s] INFO:colcon.colcon_core.executor:Executing jobs using 'parallel' executor
[0.267s] DEBUG:colcon.colcon_parallel_executor.executor.parallel:run_until_complete
[0.267s] INFO:colcon.colcon_ros.task.ament_cmake.build:Building ROS package in '/home/1_fri/bwi_ros2/src/fri_autonomous_template/spatial_utils' with build type 'ament_cmake'
[0.267s] INFO:colcon.colcon_cmake.task.cmake.build:Building CMake package in '/home/1_fri/bwi_ros2/src/fri_autonomous_template/spatial_utils'
[0.270s] INFO:colcon.colcon_core.plugin_system:Skipping extension 'colcon_core.shell.bat': Not used on non-Windows systems
[0.270s] INFO:colcon.colcon_core.shell:Skip shell extension 'powershell' for command environment: Not usable outside of PowerShell
[0.270s] DEBUG:colcon.colcon_core.shell:Skip shell extension 'dsv' for command environment
[0.273s] INFO:colcon.colcon_ros.task.ament_cmake.build:Building ROS package in '/home/1_fri/bwi_ros2/src/fri_autonomous_template/follower_robot' with build type 'ament_cmake'
[0.273s] INFO:colcon.colcon_cmake.task.cmake.build:Building CMake package in '/home/1_fri/bwi_ros2/src/fri_autonomous_template/follower_robot'
[0.273s] INFO:colcon.colcon_core.shell:Skip shell extension 'powershell' for command environment: Not usable outside of PowerShell
[0.273s] DEBUG:colcon.colcon_core.shell:Skip shell extension 'dsv' for command environment
[0.276s] INFO:colcon.colcon_ros.task.ament_cmake.build:Building ROS package in '/home/1_fri/bwi_ros2/src/fri_autonomous_template/nav_goals' with build type 'ament_cmake'
[0.276s] INFO:colcon.colcon_cmake.task.cmake.build:Building CMake package in '/home/1_fri/bwi_ros2/src/fri_autonomous_template/nav_goals'
[0.277s] INFO:colcon.colcon_core.shell:Skip shell extension 'powershell' for command environment: Not usable outside of PowerShell
[0.277s] DEBUG:colcon.colcon_core.shell:Skip shell extension 'dsv' for command environment
[0.284s] DEBUG:colcon.colcon_core.event_handler.log_command:Invoking command in '/home/1_fri/bwi_ros2/src/fri_autonomous_template/build/spatial_utils': CMAKE_PREFIX_PATH=/opt/ros/humble /usr/bin/cmake --build /home/1_fri/bwi_ros2/src/fri_autonomous_template/build/spatial_utils -- -j12 -l12
[0.285s] DEBUG:colcon.colcon_core.event_handler.log_command:Invoking command in '/home/1_fri/bwi_ros2/src/fri_autonomous_template/build/follower_robot': CMAKE_PREFIX_PATH=/opt/ros/humble /usr/bin/cmake /home/1_fri/bwi_ros2/src/fri_autonomous_template/follower_robot -DCMAKE_INSTALL_PREFIX=/home/1_fri/bwi_ros2/src/fri_autonomous_template/install/follower_robot
[0.289s] DEBUG:colcon.colcon_core.event_handler.log_command:Invoking command in '/home/1_fri/bwi_ros2/src/fri_autonomous_template/build/nav_goals': CMAKE_PREFIX_PATH=/opt/ros/humble /usr/bin/cmake --build /home/1_fri/bwi_ros2/src/fri_autonomous_template/build/nav_goals -- -j12 -l12
[0.901s] DEBUG:colcon.colcon_core.event_handler.log_command:Invoked command in '/home/1_fri/bwi_ros2/src/fri_autonomous_template/build/follower_robot' returned '1': CMAKE_PREFIX_PATH=/opt/ros/humble /usr/bin/cmake /home/1_fri/bwi_ros2/src/fri_autonomous_template/follower_robot -DCMAKE_INSTALL_PREFIX=/home/1_fri/bwi_ros2/src/fri_autonomous_template/install/follower_robot
[0.911s] Level 1:colcon.colcon_core.environment:create_environment_scripts_only(follower_robot)
[0.916s] Level 1:colcon.colcon_core.environment:checking '/home/1_fri/bwi_ros2/src/fri_autonomous_template/install/follower_robot' for CMake module files
[0.916s] Level 1:colcon.colcon_core.environment:checking '/home/1_fri/bwi_ros2/src/fri_autonomous_template/install/follower_robot' for CMake config files
[0.917s] Level 1:colcon.colcon_core.environment:checking '/home/1_fri/bwi_ros2/src/fri_autonomous_template/install/follower_robot/bin'
[0.917s] Level 1:colcon.colcon_core.environment:checking '/home/1_fri/bwi_ros2/src/fri_autonomous_template/install/follower_robot/lib/pkgconfig/follower_robot.pc'
[0.917s] Level 1:colcon.colcon_core.environment:checking '/home/1_fri/bwi_ros2/src/fri_autonomous_template/install/follower_robot/lib/python3.10/site-packages'
[0.917s] Level 1:colcon.colcon_core.environment:checking '/home/1_fri/bwi_ros2/src/fri_autonomous_template/install/follower_robot/bin'
[0.917s] INFO:colcon.colcon_core.shell:Creating package script '/home/1_fri/bwi_ros2/src/fri_autonomous_template/install/follower_robot/share/follower_robot/package.ps1'
[0.918s] INFO:colcon.colcon_core.shell:Creating package descriptor '/home/1_fri/bwi_ros2/src/fri_autonomous_template/install/follower_robot/share/follower_robot/package.dsv'
[0.918s] INFO:colcon.colcon_core.shell:Creating package script '/home/1_fri/bwi_ros2/src/fri_autonomous_template/install/follower_robot/share/follower_robot/package.sh'
[0.919s] INFO:colcon.colcon_core.shell:Creating package script '/home/1_fri/bwi_ros2/src/fri_autonomous_template/install/follower_robot/share/follower_robot/package.bash'
[0.920s] INFO:colcon.colcon_core.shell:Creating package script '/home/1_fri/bwi_ros2/src/fri_autonomous_template/install/follower_robot/share/follower_robot/package.zsh'
[0.920s] Level 1:colcon.colcon_core.environment:create_file_with_runtime_dependencies(/home/1_fri/bwi_ros2/src/fri_autonomous_template/install/follower_robot/share/colcon-core/packages/follower_robot)
[4.621s] DEBUG:colcon.colcon_parallel_executor.executor.parallel:closing loop
[4.621s] DEBUG:colcon.colcon_parallel_executor.executor.parallel:loop closed
[4.622s] DEBUG:colcon.colcon_parallel_executor.executor.parallel:run_until_complete finished with '1'
[4.622s] DEBUG:colcon.colcon_core.event_reactor:joining thread
[4.627s] INFO:colcon.colcon_core.plugin_system:Skipping extension 'colcon_notification.desktop_notification.terminal_notifier': Not used on non-Darwin systems
[4.627s] INFO:colcon.colcon_core.plugin_system:Skipping extension 'colcon_notification.desktop_notification.win32': Not used on non-Windows systems
[4.627s] INFO:colcon.colcon_notification.desktop_notification:Sending desktop notification using 'notify2'
[4.640s] DEBUG:colcon.colcon_core.event_reactor:joined thread
[4.640s] INFO:colcon.colcon_core.shell:Creating prefix script '/home/1_fri/bwi_ros2/src/fri_autonomous_template/install/local_setup.ps1'
[4.641s] INFO:colcon.colcon_core.shell:Creating prefix util module '/home/1_fri/bwi_ros2/src/fri_autonomous_template/install/_local_setup_util_ps1.py'
[4.643s] INFO:colcon.colcon_core.shell:Creating prefix chain script '/home/1_fri/bwi_ros2/src/fri_autonomous_template/install/setup.ps1'
[4.643s] INFO:colcon.colcon_core.shell:Creating prefix script '/home/1_fri/bwi_ros2/src/fri_autonomous_template/install/local_setup.sh'
[4.644s] INFO:colcon.colcon_core.shell:Creating prefix util module '/home/1_fri/bwi_ros2/src/fri_autonomous_template/install/_local_setup_util_sh.py'
[4.645s] INFO:colcon.colcon_core.shell:Creating prefix chain script '/home/1_fri/bwi_ros2/src/fri_autonomous_template/install/setup.sh'
[4.646s] INFO:colcon.colcon_core.shell:Creating prefix script '/home/1_fri/bwi_ros2/src/fri_autonomous_template/install/local_setup.bash'
[4.647s] INFO:colcon.colcon_core.shell:Creating prefix chain script '/home/1_fri/bwi_ros2/src/fri_autonomous_template/install/setup.bash'
[4.649s] INFO:colcon.colcon_core.shell:Creating prefix script '/home/1_fri/bwi_ros2/src/fri_autonomous_template/install/local_setup.zsh'
[4.649s] INFO:colcon.colcon_core.shell:Creating prefix chain script '/home/1_fri/bwi_ros2/src/fri_autonomous_template/install/setup.zsh'
